| 2017-11-19T17:09:33+00:00 warning | The password file does not exist or cannot be written.Run =configure= and check the setting of {Htpasswd}{FileName}. New user registration has been disabled until this is corrected. |
| 2017-11-19T17:09:33+00:00 error | Foswiki::Plugins::SubscribePlugin could not be loaded.  Errors were:
Can't locate URI.pm in @INC (you may need to install the URI module) (@INC contains: /var/www/foswiki/lib . /usr/local/lib/perl5/site_perl /usr/local/share/perl5/site_perl /usr/lib/perl5/vendor_perl /usr/share/perl5/vendor_perl /usr/lib/perl5/core_perl /usr/share/perl5/core_perl /var/www/foswiki/lib/CPAN/lib) at /var/www/foswiki/lib/Foswiki/Plugins/SubscribePlugin.pm line 24.
BEGIN failed--compilation aborted at /var/www/foswiki/lib/Foswiki/Plugins/SubscribePlugin.pm line 24.
Compilation failed in require at (eval 158) line 2.
BEGIN failed--compilation aborted at (eval 158) line 2.

---- |
| 2017-11-19T17:09:34+00:00 warning | Foswiki::Plugins::SubscribePlugin could not be loaded.  Errors were:
Can't locate URI.pm in @INC (you may need to install the URI module) (@INC contains: /var/www/foswiki/lib . /usr/local/lib/perl5/site_perl /usr/local/share/perl5/site_perl /usr/lib/perl5/vendor_perl /usr/share/perl5/vendor_perl /usr/lib/perl5/core_perl /usr/share/perl5/core_perl /var/www/foswiki/lib/CPAN/lib) at /var/www/foswiki/lib/Foswiki/Plugins/SubscribePlugin.pm line 24.
BEGIN failed--compilation aborted at /var/www/foswiki/lib/Foswiki/Plugins/SubscribePlugin.pm line 24.
Compilation failed in require at (eval 158) line 2.
BEGIN failed--compilation aborted at (eval 158) line 2.

---- |
| 2017-11-19T17:09:36+00:00 warning | The password file does not exist or cannot be written.Run =configure= and check the setting of {Htpasswd}{FileName}. New user registration has been disabled until this is corrected. |
| 2017-11-19T17:09:36+00:00 error | Foswiki::Plugins::SubscribePlugin could not be loaded.  Errors were:
Attempt to reload Foswiki/Plugins/SubscribePlugin.pm aborted.
Compilation failed in require at (eval 315) line 2.
BEGIN failed--compilation aborted at (eval 315) line 2.

---- |
| 2017-11-19T17:09:36+00:00 warning | Foswiki::Plugins::SubscribePlugin could not be loaded.  Errors were:
Attempt to reload Foswiki/Plugins/SubscribePlugin.pm aborted.
Compilation failed in require at (eval 315) line 2.
BEGIN failed--compilation aborted at (eval 315) line 2.

---- |
| 2017-11-19T17:09:41+00:00 warning | The password file does not exist or cannot be written.Run =configure= and check the setting of {Htpasswd}{FileName}. New user registration has been disabled until this is corrected. |
| 2017-11-19T17:09:41+00:00 error | Foswiki::Plugins::SubscribePlugin could not be loaded.  Errors were:
Attempt to reload Foswiki/Plugins/SubscribePlugin.pm aborted.
Compilation failed in require at (eval 473) line 2.
BEGIN failed--compilation aborted at (eval 473) line 2.

---- |
| 2017-11-19T17:09:41+00:00 warning | Foswiki::Plugins::SubscribePlugin could not be loaded.  Errors were:
Attempt to reload Foswiki/Plugins/SubscribePlugin.pm aborted.
Compilation failed in require at (eval 473) line 2.
BEGIN failed--compilation aborted at (eval 473) line 2.

---- |
| 2017-11-19T17:09:48+00:00 warning | The password file does not exist or cannot be written.Run =configure= and check the setting of {Htpasswd}{FileName}. New user registration has been disabled until this is corrected. |
| 2017-11-19T17:09:48+00:00 error | Foswiki::Plugins::SubscribePlugin could not be loaded.  Errors were:
Attempt to reload Foswiki/Plugins/SubscribePlugin.pm aborted.
Compilation failed in require at (eval 587) line 2.
BEGIN failed--compilation aborted at (eval 587) line 2.

---- |
| 2017-11-19T17:09:48+00:00 warning | Foswiki::Plugins::SubscribePlugin could not be loaded.  Errors were:
Attempt to reload Foswiki/Plugins/SubscribePlugin.pm aborted.
Compilation failed in require at (eval 587) line 2.
BEGIN failed--compilation aborted at (eval 587) line 2.

---- |
